Performing C SOURCE FILE Test CMAKE_HAVE_LIBC_PTHREAD failed with the following output:
Change Dir: C:/Users/jakub/Documents/robotkamera/build/CMakeFiles/CMakeScratch/TryCompile-t3l1j2

Run Build Command(s):C:/Program Files (x86)/Microsoft Visual Studio/2022/BuildTools/MSBuild/Current/Bin/amd64/MSBuild.exe cmTC_ec9e3.vcxproj /p:Configuration=Debug /p:Platform=x64 /p:VisualStudioVersion=17.0 /v:m && MSBuild version 17.4.1+9a89d02ff for .NET Framework
  Optimalizující kompilátor C/C++ společnosti Microsoft (R) verze 19.34.31937 pro procesory x64
  Copyright (C) Microsoft Corporation. Všechna práva vyhrazena.
  cl /c /I"C:\Users\jakub\Documents\vcpkg\installed\x64-windows\include" /Zi /W3 /WX- /diagnostics:column /Od /Ob0 /D _MBCS /D WIN32 /D _WINDOWS /D CMAKE_HAVE_LIBC_PTHREAD /D "CMAKE_INTDIR=\"Debug\"" /Gm- /RTC1 /MDd /GS /fp:precise /Zc:wchar_t /Zc:forScope /Zc:inline /Fo"cmTC_ec9e3.dir\Debug\\" /Fd"cmTC_ec9e3.dir\Debug\vc143.pdb" /external:W3 /Gd /TC /errorReport:queue "C:\Users\jakub\Documents\robotkamera\build\CMakeFiles\CMakeScratch\TryCompile-t3l1j2\src.c"
  src.c
C:\Users\jakub\Documents\robotkamera\build\CMakeFiles\CMakeScratch\TryCompile-t3l1j2\src.c(1,10): fatal  error C1083: Nejde otevřít soubor zahrnout: pthread.h: No such file or directory [C:\Users\jakub\Documents\robotkamera\build\CMakeFiles\CMakeScratch\TryCompile-t3l1j2\cmTC_ec9e3.vcxproj]


Source file was:
#include <pthread.h>

static void* test_func(void* data)
{
  return data;
}

int main(void)
{
  pthread_t thread;
  pthread_create(&thread, NULL, test_func, NULL);
  pthread_detach(thread);
  pthread_cancel(thread);
  pthread_join(thread, NULL);
  pthread_atfork(NULL, NULL, NULL);
  pthread_exit(NULL);

  return 0;
}


Determining if the function pthread_create exists in the pthreads failed with the following output:
Change Dir: C:/Users/jakub/Documents/robotkamera/build/CMakeFiles/CMakeScratch/TryCompile-lczyk2

Run Build Command(s):C:/Program Files (x86)/Microsoft Visual Studio/2022/BuildTools/MSBuild/Current/Bin/amd64/MSBuild.exe cmTC_1f473.vcxproj /p:Configuration=Debug /p:Platform=x64 /p:VisualStudioVersion=17.0 /v:m && MSBuild version 17.4.1+9a89d02ff for .NET Framework
  Optimalizující kompilátor C/C++ společnosti Microsoft (R) verze 19.34.31937 pro procesory x64
  Copyright (C) Microsoft Corporation. Všechna práva vyhrazena.
  CheckFunctionExists.c
  cl /c /I"C:\Users\jakub\Documents\vcpkg\installed\x64-windows\include" /Zi /W3 /WX- /diagnostics:column /Od /Ob0 /D _MBCS /D WIN32 /D _WINDOWS /D CHECK_FUNCTION_EXISTS=pthread_create /D "CMAKE_INTDIR=\"Debug\"" /Gm- /RTC1 /MDd /GS /fp:precise /Zc:wchar_t /Zc:forScope /Zc:inline /Fo"cmTC_1f473.dir\Debug\\" /Fd"cmTC_1f473.dir\Debug\vc143.pdb" /external:W3 /Gd /TC /errorReport:queue "C:\Users\jakub\Documents\robotkamera\build\CMakeFiles\CMakeScratch\TryCompile-lczyk2\CheckFunctionExists.c"
LINK : fatal error LNK1104: Soubor pthreads.lib se nedá otevřít. [C:\Users\jakub\Documents\robotkamera\build\CMakeFiles\CMakeScratch\TryCompile-lczyk2\cmTC_1f473.vcxproj]



Determining if the function pthread_create exists in the pthread failed with the following output:
Change Dir: C:/Users/jakub/Documents/robotkamera/build/CMakeFiles/CMakeScratch/TryCompile-7bovdl

Run Build Command(s):C:/Program Files (x86)/Microsoft Visual Studio/2022/BuildTools/MSBuild/Current/Bin/amd64/MSBuild.exe cmTC_affc0.vcxproj /p:Configuration=Debug /p:Platform=x64 /p:VisualStudioVersion=17.0 /v:m && MSBuild version 17.4.1+9a89d02ff for .NET Framework
  Optimalizující kompilátor C/C++ společnosti Microsoft (R) verze 19.34.31937 pro procesory x64
  Copyright (C) Microsoft Corporation. Všechna práva vyhrazena.
  cl /c /I"C:\Users\jakub\Documents\vcpkg\installed\x64-windows\include" /Zi /W3 /WX- /diagnostics:column /Od /Ob0 /D _MBCS /D WIN32 /D _WINDOWS /D CHECK_FUNCTION_EXISTS=pthread_create /D "CMAKE_INTDIR=\"Debug\"" /Gm- /RTC1 /MDd /GS /fp:precise /Zc:wchar_t /Zc:forScope /Zc:inline /Fo"cmTC_affc0.dir\Debug\\" /Fd"cmTC_affc0.dir\Debug\vc143.pdb" /external:W3 /Gd /TC /errorReport:queue "C:\Users\jakub\Documents\robotkamera\build\CMakeFiles\CMakeScratch\TryCompile-7bovdl\CheckFunctionExists.c"
  CheckFunctionExists.c
LINK : fatal error LNK1104: Soubor pthread.lib se nedá otevřít. [C:\Users\jakub\Documents\robotkamera\build\CMakeFiles\CMakeScratch\TryCompile-7bovdl\cmTC_affc0.vcxproj]



